<?xml version="1.0" encoding="UTF-8"?>
<testsuite name="com.estholon.firebaseauthentication.data.repositories.AuthenticationRepositoryTest" tests="7" skipped="0" failures="0" errors="0" timestamp="2025-10-23T16:02:42" hostname="David-Arribas-M4Pro.local" time="1.096">
  <properties/>
  <testcase name="isUserLogged delegates to commonAuthenticationDataSource and returns true" classname="com.estholon.firebaseauthentication.data.repositories.AuthenticationRepositoryTest" time="1.018"/>
  <testcase name="signOut delegates to commonAuthenticationDataSource" classname="com.estholon.firebaseauthentication.data.repositories.AuthenticationRepositoryTest" time="0.057"/>
  <testcase name="signUpEmail returns null when datasource returns success with null user" classname="com.estholon.firebaseauthentication.data.repositories.AuthenticationRepositoryTest" time="0.007"/>
  <testcase name="isUserLogged delegates to commonAuthenticationDataSource and returns false" classname="com.estholon.firebaseauthentication.data.repositories.AuthenticationRepositoryTest" time="0.002"/>
  <testcase name="signUpEmail maps UserDto to UserModel when datasource returns a user" classname="com.estholon.firebaseauthentication.data.repositories.AuthenticationRepositoryTest" time="0.003"/>
  <testcase name="resetPassword delegates to emailDataSource" classname="com.estholon.firebaseauthentication.data.repositories.AuthenticationRepositoryTest" time="0.004"/>
  <testcase name="signInAnonymously maps dto to domain when datasource returns user" classname="com.estholon.firebaseauthentication.data.repositories.AuthenticationRepositoryTest" time="0.004"/>
  <system-out><![CDATA[]]></system-out>
  <system-err><![CDATA[]]></system-err>
</testsuite>
